<?xml version="1.0" encoding="UTF-8" ?>
<testsuites errors="1"
            failures="1"
            tests="1">

  <testsuite name="test_aaa_login"
    errors="1" failures="1" hostname="" id="" package="test_aaa_login" skipped="0"
    tests="1" time="13.32" timestamp="">

    <testcase name="Test login" classname="test_aaa_login" time="13.32" assertions="4">





      <failure message="Timed out while waiting for element &lt;div#homepage&gt; to be present for 5000 milliseconds. - expected [0;32m&#34;visible&#34;[0m but got: [0;31m&#34;not found&#34;[0m [0;90m(5067ms)[0m">    at Object.module.exports.command (/Users/trevorstevenson/Developer/SeniorDesign/senior-design/ReactAndFlask/reactfrontend/src/tests/login.js:12:10)
    at processImmediate (internal/timers.js:456:21)</failure>


      <failure message="    at Object.module.exports.command (/Users/trevorstevenson/Developer/SeniorDesign/senior-design/ReactAndFlask/reactfrontend/src/tests/login.js:12:10)">    at processImmediate (internal/timers.js:456:21)</failure>
      <error message="Timed out while waiting for element &lt;div#homepage&gt; to be present for 5000 milliseconds. - expected [0;32m&#34;visible&#34;[0m but got: [0;31m&#34;not found&#34;[0m [0;90m(5067ms)[0m" type="error">    at processImmediate (internal/timers.js:456:21)</error>

    </testcase>



    <system-err>
      [0;31m  TypeError: this.maximizeWindow is not a function
   - writing an ES6 async test case? - keep in mind that commands return a Promise;
   - writing unit tests? - make sure to specify &#34;unit_tests_mode=true&#34; in your config.[0m
[0;90m       at Object.module.exports.command (/Users/trevorstevenson/Developer/SeniorDesign/senior-design/ReactAndFlask/reactfrontend/src/tests/login.js:2:17)
       at processTicksAndRejections (internal/process/task_queues.js:97:5)[0m
[0;31m  NoSuchElementError: An error occurred while running .click() command on &lt;button#sign-in-button&gt;: undefined; undefined
   {&#34;value&#34;:[]}[0m
[0;90m       at processTicksAndRejections (internal/process/task_queues.js:97:5)[0m
[0;31m  NoSuchElementError: An error occurred while running .click() command on &lt;button#sign-in-button&gt;: no such window; Browsing context has been discarded
   {&#34;status&#34;:-1,&#34;value&#34;:{&#34;error&#34;:&#34;no such window&#34;,&#34;message&#34;:&#34;Browsing context has been discarded&#34;,&#34;stacktrace&#34;:&#34;WebDriverError@chrome://marionette/content/error.js:175:5\nNoSuchWindowError@chrome://marionette/content/error.js:409:5\nassert.that/&lt;@chrome://marionette/content/assert.js:448:13\nassert.open@chrome://marionette/content/assert.js:183:72\nGeckoDriver.prototype.findElements@chrome://marionette/content/driver.js:2118:22\ndespatch@chrome://marionette/content/server.js:305:40\nexecute@chrome://marionette/content/server.js:275:16\nonPacket/&lt;@chrome://marionette/content/server.js:248:20\nonPacket@chrome://marionette/content/server.js:249:9\n_onJSONObjectReady/&lt;@chrome://marionette/content/transport.js:501:20\n&#34;},&#34;errorStatus&#34;:&#34;&#34;,&#34;error&#34;:&#34;Browsing context has been discarded&#34;,&#34;httpStatusCode&#34;:404}[0m
[0;90m       at processTicksAndRejections (internal/process/task_queues.js:97:5)[0m
    </system-err>



  </testsuite>
</testsuites>
